  [1m[36m (183.5ms)[0m  [1mCREATE TABLE "schema_migrations" ("version" varchar(255) NOT NULL) [0m
  [1m[35m (0.1ms)[0m  select sqlite_version(*)
  [1m[36m (150.5ms)[0m  [1mCREATE UNIQUE INDEX "unique_schema_migrations" ON "schema_migrations" ("version")[0m
  [1m[35mActiveRecord::SchemaMigration Load (0.1ms)[0m  SELECT "schema_migrations".* FROM "schema_migrations"
Migrating to CreatePages (20150424052920)
  [1m[36m (0.1ms)[0m  [1mbegin transaction[0m
  [1m[35m (0.5ms)[0m  CREATE TABLE "pages" ("id" INTEGER PRIMARY KEY AUTOINCREMENT NOT NULL, "name" varchar(255), "title" varchar(255), "body" text, "created_at" datetime, "updated_at" datetime) 
  [1m[36mSQL (0.3ms)[0m  [1mINSERT INTO "schema_migrations" ("version") VALUES (?)[0m  [["version", "20150424052920"]]
  [1m[35m (198.3ms)[0m  commit transaction
  [1m[36mActiveRecord::SchemaMigration Load (0.1ms)[0m  [1mSELECT "schema_migrations".* FROM "schema_migrations"[0m


Started GET "/" for 127.0.0.1 at 2015-04-24 10:36:26 +0500
  [1m[36mActiveRecord::SchemaMigration Load (0.2ms)[0m  [1mSELECT "schema_migrations".* FROM "schema_migrations"[0m
Processing by Rails::WelcomeController#index as HTML
  Rendered /home/iokunev/.rvm/gems/ruby-2.1.1/gems/railties-4.1.8/lib/rails/templates/rails/welcome/index.html.erb (2.6ms)
Completed 200 OK in 70ms (Views: 39.7ms | ActiveRecord: 0.0ms)


Started GET "/" for 127.0.0.1 at 2015-04-24 10:38:09 +0500
Processing by PagesController#index as HTML
  [1m[35mPage Load (0.3ms)[0m  SELECT "pages".* FROM "pages"
  Rendered pages/index.html.erb within layouts/application (1.7ms)
Completed 200 OK in 791ms (Views: 789.2ms | ActiveRecord: 0.3ms)


Started GET "/assets/pages.css?body=1" for 127.0.0.1 at 2015-04-24 10:38:10 +0500


Started GET "/assets/scaffolds.css?body=1" for 127.0.0.1 at 2015-04-24 10:38:10 +0500


Started GET "/assets/application.css?body=1" for 127.0.0.1 at 2015-04-24 10:38:10 +0500


Started GET "/assets/jquery_ujs.js?body=1" for 127.0.0.1 at 2015-04-24 10:38:10 +0500


Started GET "/assets/jquery.js?body=1" for 127.0.0.1 at 2015-04-24 10:38:10 +0500


Started GET "/assets/pages.js?body=1" for 127.0.0.1 at 2015-04-24 10:38:10 +0500


Started GET "/assets/application.js?body=1" for 127.0.0.1 at 2015-04-24 10:38:10 +0500


Started GET "/assets/turbolinks.js?body=1" for 127.0.0.1 at 2015-04-24 10:38:10 +0500
  [1m[36mActiveRecord::SchemaMigration Load (0.1ms)[0m  [1mSELECT "schema_migrations".* FROM "schema_migrations"[0m
Migrating to CreatePages (20150424053928)
  [1m[35m (0.1ms)[0m  begin transaction
  [1m[36m (0.1ms)[0m  [1mCREATE TABLE "pages" ("id" INTEGER PRIMARY KEY AUTOINCREMENT NOT NULL, "name" varchar(255), "title" varchar(255), "parent_id" integer, "body" text, "created_at" datetime, "updated_at" datetime) [0m
SQLite3::SQLException: table "pages" already exists: CREATE TABLE "pages" ("id" INTEGER PRIMARY KEY AUTOINCREMENT NOT NULL, "name" varchar(255), "title" varchar(255), "parent_id" integer, "body" text, "created_at" datetime, "updated_at" datetime) 
  [1m[35m (0.0ms)[0m  rollback transaction
  [1m[36m (140.7ms)[0m  [1mCREATE TABLE "schema_migrations" ("version" varchar(255) NOT NULL) [0m
  [1m[35m (0.1ms)[0m  select sqlite_version(*)
  [1m[36m (125.5ms)[0m  [1mCREATE UNIQUE INDEX "unique_schema_migrations" ON "schema_migrations" ("version")[0m
  [1m[35mActiveRecord::SchemaMigration Load (0.1ms)[0m  SELECT "schema_migrations".* FROM "schema_migrations"
Migrating to CreatePages (20150424053928)
  [1m[36m (0.1ms)[0m  [1mbegin transaction[0m
  [1m[35m (0.4ms)[0m  CREATE TABLE "pages" ("id" INTEGER PRIMARY KEY AUTOINCREMENT NOT NULL, "name" varchar(255), "title" varchar(255), "parent_id" integer, "body" text, "created_at" datetime, "updated_at" datetime) 
  [1m[36mSQL (0.2ms)[0m  [1mINSERT INTO "schema_migrations" ("version") VALUES (?)[0m  [["version", "20150424053928"]]
  [1m[35m (157.9ms)[0m  commit transaction
  [1m[36mActiveRecord::SchemaMigration Load (0.1ms)[0m  [1mSELECT "schema_migrations".* FROM "schema_migrations"[0m


Started GET "/" for 127.0.0.1 at 2015-04-24 10:41:19 +0500
  [1m[36mActiveRecord::SchemaMigration Load (0.1ms)[0m  [1mSELECT "schema_migrations".* FROM "schema_migrations"[0m
Processing by PagesController#index as HTML
Completed 500 Internal Server Error in 9ms

NoMethodError (undefined method `acts_as_tree' for #<Class:0x007f8944d66878>):
  app/models/page.rb:2:in `<class:Page>'
  app/models/page.rb:1:in `<top (required)>'
  app/controllers/pages_controller.rb:7:in `index'


  Rendered /home/iokunev/.rvm/gems/ruby-2.1.1/gems/actionpack-4.1.8/lib/action_dispatch/middleware/templates/rescues/_source.erb (0.7ms)
  Rendered /home/iokunev/.rvm/gems/ruby-2.1.1/gems/actionpack-4.1.8/lib/action_dispatch/middleware/templates/rescues/_trace.html.erb (1.1ms)
  Rendered /home/iokunev/.rvm/gems/ruby-2.1.1/gems/actionpack-4.1.8/lib/action_dispatch/middleware/templates/rescues/_request_and_response.html.erb (0.9ms)
  Rendered /home/iokunev/.rvm/gems/ruby-2.1.1/gems/actionpack-4.1.8/lib/action_dispatch/middleware/templates/rescues/diagnostics.erb within rescues/layout (26.2ms)


Started GET "/" for 127.0.0.1 at 2015-04-24 10:42:00 +0500
  [1m[36mActiveRecord::SchemaMigration Load (0.1ms)[0m  [1mSELECT "schema_migrations".* FROM "schema_migrations"[0m
Processing by PagesController#index as HTML
  [1m[35mPage Load (0.2ms)[0m  SELECT "pages".* FROM "pages"
  Rendered pages/index.html.erb within layouts/application (2.3ms)
Completed 200 OK in 99ms (Views: 58.6ms | ActiveRecord: 0.2ms)


Started GET "/assets/pages.css?body=1" for 127.0.0.1 at 2015-04-24 10:42:00 +0500


Started GET "/assets/scaffolds.css?body=1" for 127.0.0.1 at 2015-04-24 10:42:00 +0500


Started GET "/assets/jquery_ujs.js?body=1" for 127.0.0.1 at 2015-04-24 10:42:00 +0500


Started GET "/assets/jquery.js?body=1" for 127.0.0.1 at 2015-04-24 10:42:00 +0500


Started GET "/assets/pages.js?body=1" for 127.0.0.1 at 2015-04-24 10:42:00 +0500


Started GET "/assets/application.css?body=1" for 127.0.0.1 at 2015-04-24 10:42:00 +0500


Started GET "/assets/turbolinks.js?body=1" for 127.0.0.1 at 2015-04-24 10:42:00 +0500


Started GET "/assets/application.js?body=1" for 127.0.0.1 at 2015-04-24 10:42:00 +0500
